#
# A fatal error has been detected by the Java Runtime Environment:
#
#  EXCEPTION_ACCESS_VIOLATION (0xc0000005) at pc=0x00007fff934d3004, pid=21876, tid=23356
#
# JRE version: OpenJDK Runtime Environment Temurin-25+36 (25.0+36) (build 25+36-LTS)
# Java VM: OpenJDK 64-Bit Server VM Temurin-25+36 (25+36-LTS, mixed mode, emulated-client, sharing, tiered, compressed oops, compressed class ptrs, g1 gc, windows-amd64)
# Problematic frame:
# C  [libasyncProfiler.dll+0x93004]
#
# No core dump will be written. Minidumps are not enabled by default on client versions of Windows
#
# JFR recording file will be written. Location: C:\Users\krake\Documents\my work\workspace-spring-tools-for-eclipse-4.32.0.RELEASE\GestionProduit\hs_err_pid21876.jfr
#
# If you would like to submit a bug report, please visit:
#   https://github.com/adoptium/adoptium-support/issues
# The crash happened outside the Java Virtual Machine in native code.
# See problematic frame for where to report the bug.
#

---------------  S U M M A R Y ------------

Command Line: -XX:TieredStopAtLevel=1 -Dspring.output.ansi.enabled=always -Dcom.sun.management.jmxremote -Dspring.jmx.enabled=true -Dspring.liveBeansView.mbeanDomain -Dspring.application.admin.enabled=true -Dmanagement.endpoints.jmx.exposure.include=* -javaagent:C:\Program Files\JetBrains\IntelliJ IDEA 2024.3.5\lib\idea_rt.jar=57785 -Dfile.encoding=UTF-8 -Dsun.stdout.encoding=UTF-8 -Dsun.stderr.encoding=UTF-8 com.example.demo.GestionProduitApplication

Host: 11th Gen Intel(R) Core(TM) i5-11400H @ 2.70GHz, 12 cores, 23G,  Windows 11 , 64 bit Build 26100 (10.0.26100.7019)
Time: Tue Nov  4 00:32:20 2025 W. Central Africa Standard Time elapsed time: 18.333040 seconds (0d 0h 0m 18s)

---------------  T H R E A D  ---------------

Current thread (0x00000152e08ba060):  JavaThread "Attach Listener" daemon [_thread_in_native, id=23356, stack(0x00000049edb00000,0x00000049edc00000) (1024K)]

Stack: [0x00000049edb00000,0x00000049edc00000],  sp=0x00000049edbfec20,  free space=1019k
Native frames: (J=compiled Java code, j=interpreted, Vv=VM code, C=native code)
C  [libasyncProfiler.dll+0x93004]  (no source info available)
C  [libasyncProfiler.dll+0x934db]  (no source info available)
C  [libasyncProfiler.dll+0x92134]  (no source info available)
C  [libasyncProfiler.dll+0x929aa]  (no source info available)
C  [libasyncProfiler.dll+0x8d561]  (no source info available)
C  [libasyncProfiler.dll+0x7ef21]  (no source info available)
C  [libasyncProfiler.dll+0x7dc38]  (no source info available)
C  [libasyncProfiler.dll+0x7db20]  (no source info available)
C  [libasyncProfiler.dll+0x84af9]  (no source info available)
V  [jvm.dll+0x5e63a6]  (no source info available)
V  [jvm.dll+0x5e719d]  (no source info available)
V  [jvm.dll+0x197047]  (no source info available)
V  [jvm.dll+0x198b72]  (no source info available)
V  [jvm.dll+0x48f5ee]  (no source info available)
V  [jvm.dll+0x99610d]  (no source info available)
V  [jvm.dll+0x7a6835]  (no source info available)
C  [ucrtbase.dll+0x37b0]  (no source info available)
C  [KERNEL32.DLL+0x2e8d7]  (no source info available)
C  [ntdll.dll+0x8c53c]  (no source info available)


siginfo: EXCEPTION_ACCESS_VIOLATION (0xc0000005), reading address 0xffffffffffffffff


Registers:
RAX=0x0000000000000010, RBX=0x0000000000000000, RCX=0xffffffffffffffff, RDX=0x007fff4de2590010
RSP=0x00000049edbfec20, RBP=0x00000152e56ae5c0, RSI=0x00000049edbfed90, RDI=0x00000152e56ae5c0
R8 =0x0000000000000042, R9 =0x0000000684800810, R10=0x00007fff4e0dc1c0, R11=0x000000000000001e
R12=0x00000049edbfed90, R13=0x00000152e7e1f160, R14=0x00000152e08ba4a8, R15=0x00000152e08ba4a8
RIP=0x00007fff934d3004, EFLAGS=0x0000000000010202

XMM[0]=0x0000000000000000 0x0000000000000000
XMM[1]=0x0000000000000000 0x0000000000000000
XMM[2]=0x0000000000000000 0x0000000000000000
XMM[3]=0x0000000000000000 0x0000000000000000
XMM[4]=0x0000000000000000 0x0000000000000000
XMM[5]=0x0000000000000000 0x0000000000000000
XMM[6]=0x0000000000000000 0x0000000000000000
XMM[7]=0x0000000000000000 0x0000000000000000
XMM[8]=0x0000000000000000 0x0000000000000000
XMM[9]=0x0000000000000000 0x0000000000000000
XMM[10]=0x0000000000000000 0x0000000000000000
XMM[11]=0x0000000000000000 0x0000000000000000
XMM[12]=0x0000000000000000 0x0000000000000000
XMM[13]=0x0000000000000000 0x0000000000000000
XMM[14]=0x0000000000000000 0x0000000000000000
XMM[15]=0x0000000000000000 0x0000000000000000
  MXCSR=0x00001fa0


Register to memory mapping:

RAX=0x0000000000000010 is an unknown value
RBX=0x0 is null
RCX=0xffffffffffffffff is an unknown value
RDX=0x007fff4de2590010 is an unknown value
RSP=0x00000049edbfec20 is pointing into the stack for thread: 0x00000152e08ba060
RBP=0x00000152e56ae5c0 points into unknown readable memory: 0x0000000684800810 | 10 08 80 84 06 00 00 00
RSI=0x00000049edbfed90 is pointing into the stack for thread: 0x00000152e08ba060
RDI=0x00000152e56ae5c0 points into unknown readable memory: 0x0000000684800810 | 10 08 80 84 06 00 00 00
R8 =0x0000000000000042 is an unknown value
R9 =0x0000000684800810 is an oop: java.lang.ref.Reference$ReferenceHandler 
{0x0000000684800810} - klass: 'java/lang/ref/Reference$ReferenceHandler' - flags: 

 - ---- fields (total size 14 words):
 - 'threadLocalRandomProbe' 'I' @12  0 (0x00000000)
 - private volatile 'eetop' 'J' @16  1455466168768 (0x00000152e08b41c0)
 - private final 'tid' 'J' @24  14 (0x000000000000000e)
 - 'threadLocalRandomSeed' 'J' @32  0 (0x0000000000000000)
 - injected 'jvmti_thread_state' 'J' @40  1455588874640 (0x00000152e7db9990)
 - 'threadLocalRandomSecondarySeed' 'I' @48  0 (0x00000000)
 - injected 'jvmti_VTMS_transition_disable_count' 'I' @52  0 (0x00000000)
 - injected 'jfr_epoch' 'S' @56  0 (0x0000)
 - volatile 'interrupted' 'Z' @58  false (0x00)
 - injected 'jvmti_is_in_VTMS_transition' 'Z' @59  false (0x00)
 - private volatile 'name' 'Ljava/lang/String;' @60  "Reference Handler"{0x0000000685471200} (0xd0a8e240)
 - private volatile 'contextClassLoader' 'Ljava/lang/ClassLoader;' @64  null (0x00000000)
 - private final 'holder' 'Ljava/lang/Thread$FieldHolder;' @68  a 'java/lang/Thread$FieldHolder'{0x00000006854711d0} (0xd0a8e23a)
 - private 'threadLocals' 'Ljava/lang/ThreadLocal$ThreadLocalMap;' @72  null (0x00000000)
 - private 'inheritableThreadLocals' 'Ljava/lang/ThreadLocal$ThreadLocalMap;' @76  null (0x00000000)
 - private 'scopedValueBindings' 'Ljava/lang/Object;' @80  a 'java/lang/Class'{0x00000006848000f0} = 'java/lang/Thread' (0xd090001e)
 - final 'interruptLock' 'Ljava/lang/Object;' @84  a 'java/lang/Object'{0x00000006854c79c8} (0xd0a98f39)
 - private volatile 'parkBlocker' 'Ljava/lang/Object;' @88  null (0x00000000)
 - private 'nioBlocker' 'Lsun/nio/ch/Interruptible;' @92  null (0x00000000)
 - private 'cont' 'Ljdk/internal/vm/Continuation;' @96  null (0x00000000)
 - private volatile 'uncaughtExceptionHandler' 'Ljava/lang/Thread$UncaughtExceptionHandler;' @100  null (0x00000000)
 - private 'container' 'Ljdk/internal/vm/ThreadContainer;' @104  null (0x00000000)
 - private volatile 'headStackableScopes' 'Ljdk/internal/vm/StackableScope;' @108  null (0x00000000)
R10=0x00007fff4e0dc1c0 jvm.dll
R11=0x000000000000001e is an unknown value
R12=0x00000049edbfed90 is pointing into the stack for thread: 0x00000152e08ba060
R13=0x00000152e7e1f160 points into unknown readable memory: 0x00007fff4e047250 | 50 72 04 4e ff 7f 00 00
R14=0x00000152e08ba4a8 points into unknown readable memory: 0x00007fff4e03dd70 | 70 dd 03 4e ff 7f 00 00
R15=0x00000152e08ba4a8 points into unknown readable memory: 0x00007fff4e03dd70 | 70 dd 03 4e ff 7f 00 00

Top of Stack: (sp=0x00000049edbfec20)
0x00000049edbfec20:   00000049edbfed90 00000152e56ae5c0   ....I.....j.R...
0x00000049edbfec30:   0000000000000000 00000152e08ba838   ........8...R...
0x00000049edbfec40:   000000000000003c 00007fff934d34db   <........4M.....
0x00000049edbfec50:   0000000000000000 00000152e08ba4a8   ............R...
0x00000049edbfec60:   00000049edbfed01 0000000000000000   ....I...........
0x00000049edbfec70:   00000152e7ce1d40 00007fff934d2134   @...R...4!M.....
0x00000049edbfec80:   0000000000000000 000000000000003c   ........<.......
0x00000049edbfec90:   0000000000000000 000000000000003c   ........<.......
0x00000049edbfeca0:   0000002100000002 00000152e7ce17f0   ....!.......R...
0x00000049edbfecb0:   00000152e7ce1d40 00000152e7ce1e30   @...R...0...R...
0x00000049edbfecc0:   00000152e7ce1e3c 00000000000045c0   <...R....E......
0x00000049edbfecd0:   0000000000000000 0000000000000000   ................
0x00000049edbfece0:   0000000000000000 00007fff4d7995f4   ..........yM....
0x00000049edbfecf0:   00007fff9362ae00 0000000000005574   ..b.....tU......
0x00000049edbfed00:   00007fff9362ae00 00000000ffffffff   ..b.............
0x00000049edbfed10:   0000000000000000 00007fff934d29aa   .........)M.....
0x00000049edbfed20:   00000152e08ba4a8 0000000000000000   ....R...........
0x00000049edbfed30:   00000049edbfed99 00000152e7e1f160   ....I...`...R...
0x00000049edbfed40:   00000152e7db9990 00007fff4d8deab6   ....R......M....
0x00000049edbfed50:   0000000000000000 00007ff847608239   ........9.`G....
0x00000049edbfed60:   00000152e08ba4a8 00007fff9362ae00   ....R.....b.....
0x00000049edbfed70:   0000000000000004 0000000000000048   ........H.......
0x00000049edbfed80:   0000000800800310 00000152e08ba4a8   ............R...
0x00000049edbfed90:   00000152e81d4480 00000152e81d4c00   .D..R....L..R...
0x00000049edbfeda0:   00000152e81d4c00 00007fff9362ae00   .L..R.....b.....
0x00000049edbfedb0:   00000152e7db9990 00000049edbfef28   ....R...(...I...
0x00000049edbfedc0:   00000049edbff060 0000000000008840   `...I...@.......
0x00000049edbfedd0:   00000049edbff240 00007fff9362ae50   @...I...P.b.....
0x00000049edbfede0:   0000000000989680 0000000000989680   ................
0x00000049edbfedf0:   00000049edbfef00 00007fff934cd561   ....I...a.L.....
0x00000049edbfee00:   00007fff9362ae00 00007fff9362ae58   ..b.....X.b.....
0x00000049edbfee10:   00007fff00000000 0000000000000001   ................

Instructions: (pc=0x00007fff934d3004)
  0x00007fff934d2f04:   cc cc cc cc cc cc cc cc cc cc cc cc cc cc cc cc
  0x00007fff934d2f14:   cc cc cc cc cc cc cc cc cc cc cc cc cc cc cc cc
  0x00007fff934d2f24:   cc cc cc cc cc cc cc cc cc cc cc cc cc cc cc cc
  0x00007fff934d2f34:   cc cc cc cc cc cc cc cc cc cc cc cc cc cc cc cc
  0x00007fff934d2f44:   cc cc cc cc cc cc cc cc cc cc cc cc cc cc cc cc
  0x00007fff934d2f54:   cc cc cc cc cc cc cc cc cc cc cc cc cc cc cc cc
  0x00007fff934d2f64:   cc cc cc cc cc cc cc cc cc cc cc cc cc cc cc cc
  0x00007fff934d2f74:   cc cc cc cc cc cc cc cc cc cc cc cc cc cc cc cc
  0x00007fff934d2f84:   cc cc cc cc cc cc cc cc cc cc cc cc 40 57 48 83
  0x00007fff934d2f94:   ec 20 48 8b f9 48 8b 0d 30 80 15 00 48 85 c9 74
  0x00007fff934d2fa4:   20 48 8b 01 48 8d 54 24 38 41 b8 06 00 01 00 4c
  0x00007fff934d2fb4:   8b 48 30 41 ff d1 85 c0 75 07 48 8b 4c 24 38 eb
  0x00007fff934d2fc4:   02 33 c9 4c 8b 05 0a 81 15 00 48 89 5c 24 30 4d
  0x00007fff934d2fd4:   85 c0 74 4a 48 8b 01 48 8b d7 4c 8b 88 28 03 00
  0x00007fff934d2fe4:   00 41 ff d1 48 85 c0 74 35 48 63 0d b8 3d 15 00
  0x00007fff934d2ff4:   48 8b 14 01 48 85 d2 74 15 48 63 05 bc 3d 15 00
=>0x00007fff934d3004:   8b 04 10 48 8b 5c 24 30 48 83 c4 20 5f c3 b8 ff
  0x00007fff934d3014:   ff ff ff 48 8b 5c 24 30 48 83 c4 20 5f c3 80 3d
  0x00007fff934d3024:   bb 7f 15 00 00 bb ff ff ff ff 74 20 4c 8b 0d 51
  0x00007fff934d3034:   7c 15 00 4c 8d 44 24 38 48 8b 0d 35 7c 15 00 48
  0x00007fff934d3044:   8b d7 41 ff d1 85 c0 0f 44 5c 24 38 8b c3 48 8b
  0x00007fff934d3054:   5c 24 30 48 83 c4 20 5f c3 cc cc cc cc cc cc cc
  0x00007fff934d3064:   cc cc cc cc cc cc cc cc cc cc cc cc cc cc cc cc
  0x00007fff934d3074:   cc cc cc cc cc cc cc cc cc cc cc cc cc cc cc cc
  0x00007fff934d3084:   cc cc cc cc cc cc cc cc cc cc cc cc 48 89 54 24
  0x00007fff934d3094:   10 53 55 56 57 41 56 41 57 48 83 ec 28 48 8b f2
  0x00007fff934d30a4:   4c 8b f1 48 89 4c 24 78 45 33 ff 44 89 7c 24 68
  0x00007fff934d30b4:   c7 44 24 60 01 00 00 00 48 8d 4c 24 68 e8 69 3c
  0x00007fff934d30c4:   f7 ff 8b d8 48 8d 4c 24 60 e8 5d 3c f7 ff 8b e8
  0x00007fff934d30d4:   49 8b ce e8 33 f3 f6 ff 48 8b f8 90 8b c3 f0 0f
  0x00007fff934d30e4:   b1 2f 74 04 f3 90 eb f4 4c 89 3e 4c 89 7e 08 4c
  0x00007fff934d30f4:   89 7e 10 49 8b 6e 08 4d 8b 76 10 49 3b ee 0f 84


Stack slot to memory mapping:

stack at sp + 0 slots: 0x00000049edbfed90 is pointing into the stack for thread: 0x00000152e08ba060
stack at sp + 1 slots: 0x00000152e56ae5c0 points into unknown readable memory: 0x0000000684800810 | 10 08 80 84 06 00 00 00
stack at sp + 2 slots: 0x0 is null
stack at sp + 3 slots: 0x00000152e08ba838 points into unknown readable memory: 0x6e616c2e6176616a | 6a 61 76 61 2e 6c 61 6e
stack at sp + 4 slots: 0x000000000000003c is an unknown value
stack at sp + 5 slots: 0x00007fff934d34db libasyncProfiler.dll
stack at sp + 6 slots: 0x0 is null
stack at sp + 7 slots: 0x00000152e08ba4a8 points into unknown readable memory: 0x00007fff4e03dd70 | 70 dd 03 4e ff 7f 00 00

Lock stack of current Java thread (top to bottom):


---------------  P R O C E S S  ---------------

Threads class SMR info:
_java_thread_list=0x00000152e7f996c0, length=37, elements={
0x00000152e08b41c0, 0x00000152e08b6500, 0x00000152e08b94a0, 0x00000152e08ba060,
0x00000152e08bc430, 0x00000152e08c0710, 0x00000152e08cc7b0, 0x00000152e50de970,
0x00000152e55bc680, 0x00000152e55bce40, 0x00000152e5ba9c20, 0x00000152e5bfbf90,
0x00000152e5c06df0, 0x00000152e5c11bb0, 0x00000152e6190420, 0x00000152e6191b90,
0x00000152e73f2c30, 0x00000152e73f3bd0, 0x00000152e73f62e0, 0x00000152e73f89f0,
0x00000152e73f7280, 0x00000152e618fc50, 0x00000152e7edbec0, 0x00000152e7ed9f80,
0x00000152e7edce60, 0x00000152e7edd630, 0x00000152e7edde00, 0x00000152e7ededa0,
0x00000152e7edb6f0, 0x00000152e7ee14b0, 0x00000152e7ee0ce0, 0x00000152e7eff690,
0x00000152e7effe60, 0x00000152e7efcf80, 0x00000152e5c9cd50, 0x00000152e7f02570,
0x00000152e7f00e00
}

Java Threads: ( => current thread )
  0x00000152e08b41c0 JavaThread "Reference Handler"          daemon [_thread_blocked, id=22900, stack(0x00000049ed800000,0x00000049ed900000) (1024K)]
  0x00000152e08b6500 JavaThread "Finalizer"                  daemon [_thread_blocked, id=29660, stack(0x00000049ed900000,0x00000049eda00000) (1024K)]
  0x00000152e08b94a0 JavaThread "Signal Dispatcher"          daemon [_thread_blocked, id=20728, stack(0x00000049eda00000,0x00000049edb00000) (1024K)]
=>0x00000152e08ba060 JavaThread "Attach Listener"            daemon [_thread_in_native, id=23356, stack(0x00000049edb00000,0x00000049edc00000) (1024K)]
  0x00000152e08bc430 JavaThread "Service Thread"             daemon [_thread_blocked, id=20780, stack(0x00000049edc00000,0x00000049edd00000) (1024K)]
  0x00000152e08c0710 JavaThread "Monitor Deflation Thread"   daemon [_thread_blocked, id=9560, stack(0x00000049edd00000,0x00000049ede00000) (1024K)]
  0x00000152e08cc7b0 JavaThread "C1 CompilerThread0"         daemon [_thread_blocked, id=20656, stack(0x00000049ede00000,0x00000049edf00000) (1024K)]
  0x00000152e50de970 JavaThread "Common-Cleaner"             daemon [_thread_blocked, id=22084, stack(0x00000049ee100000,0x00000049ee200000) (1024K)]
  0x00000152e55bc680 JavaThread "Monitor Ctrl-Break"         daemon [_thread_in_native, id=7836, stack(0x00000049ee200000,0x00000049ee300000) (1024K)]
  0x00000152e55bce40 JavaThread "Notification Thread"        daemon [_thread_blocked, id=30476, stack(0x00000049ee300000,0x00000049ee400000) (1024K)]
  0x00000152e5ba9c20 JavaThread "RMI TCP Accept-0"           daemon [_thread_in_native, id=26668, stack(0x00000049ee500000,0x00000049ee600000) (1024K)]
  0x00000152e5bfbf90 JavaThread "RMI TCP Connection(1)-192.168.100.164" daemon [_thread_in_native, id=19460, stack(0x00000049ee600000,0x00000049ee700000) (1024K)]
  0x00000152e5c06df0 JavaThread "RMI Scheduler(0)"           daemon [_thread_blocked, id=7320, stack(0x00000049ee700000,0x00000049ee800000) (1024K)]
  0x00000152e5c11bb0 JavaThread "JMX server connection timeout 31" daemon [_thread_blocked, id=26184, stack(0x00000049ee800000,0x00000049ee900000) (1024K)]
  0x00000152e6190420 JavaThread "Catalina-utility-1"                [_thread_blocked, id=22356, stack(0x00000049ef600000,0x00000049ef700000) (1024K)]
  0x00000152e6191b90 JavaThread "Catalina-utility-2"                [_thread_blocked, id=20900, stack(0x00000049ef700000,0x00000049ef800000) (1024K)]
  0x00000152e73f2c30 JavaThread "container-0"                       [_thread_blocked, id=20684, stack(0x00000049ef800000,0x00000049ef900000) (1024K)]
  0x00000152e73f3bd0 JavaThread "mysql-cj-abandoned-connection-cleanup" daemon [_thread_blocked, id=20932, stack(0x00000049ef900000,0x00000049efa00000) (1024K)]
  0x00000152e73f62e0 JavaThread "HikariPool-1:housekeeper"   daemon [_thread_blocked, id=4764, stack(0x00000049efb00000,0x00000049efc00000) (1024K)]
  0x00000152e73f89f0 JavaThread "File Watcher"               daemon [_thread_blocked, id=20512, stack(0x00000049efd00000,0x00000049efe00000) (1024K)]
  0x00000152e73f7280 JavaThread "Live Reload Server"         daemon [_thread_in_native, id=17624, stack(0x00000049eff00000,0x00000049f0000000) (1024K)]
  0x00000152e618fc50 JavaThread "http-nio-8080-exec-1"       daemon [_thread_blocked, id=20736, stack(0x00000049efe00000,0x00000049eff00000) (1024K)]
  0x00000152e7edbec0 JavaThread "http-nio-8080-exec-2"       daemon [_thread_blocked, id=15704, stack(0x00000049f0000000,0x00000049f0100000) (1024K)]
  0x00000152e7ed9f80 JavaThread "http-nio-8080-exec-3"       daemon [_thread_blocked, id=14828, stack(0x00000049f0100000,0x00000049f0200000) (1024K)]
  0x00000152e7edce60 JavaThread "http-nio-8080-exec-4"       daemon [_thread_blocked, id=20896, stack(0x00000049f0200000,0x00000049f0300000) (1024K)]
  0x00000152e7edd630 JavaThread "http-nio-8080-exec-5"       daemon [_thread_blocked, id=20076, stack(0x00000049f0300000,0x00000049f0400000) (1024K)]
  0x00000152e7edde00 JavaThread "http-nio-8080-exec-6"       daemon [_thread_blocked, id=20588, stack(0x00000049f0400000,0x00000049f0500000) (1024K)]
  0x00000152e7ededa0 JavaThread "http-nio-8080-exec-7"       daemon [_thread_blocked, id=25332, stack(0x00000049f0500000,0x00000049f0600000) (1024K)]
  0x00000152e7edb6f0 JavaThread "http-nio-8080-exec-8"       daemon [_thread_blocked, id=18556, stack(0x00000049f0600000,0x00000049f0700000) (1024K)]
  0x00000152e7ee14b0 JavaThread "http-nio-8080-exec-9"       daemon [_thread_blocked, id=24112, stack(0x00000049f0700000,0x00000049f0800000) (1024K)]
  0x00000152e7ee0ce0 JavaThread "http-nio-8080-exec-10"      daemon [_thread_blocked, id=27984, stack(0x00000049f0800000,0x00000049f0900000) (1024K)]
  0x00000152e7eff690 JavaThread "http-nio-8080-Poller"       daemon [_thread_in_native, id=7028, stack(0x00000049f0900000,0x00000049f0a00000) (1024K)]
  0x00000152e7effe60 JavaThread "http-nio-8080-Acceptor"     daemon [_thread_in_native, id=25732, stack(0x00000049f0a00000,0x00000049f0b00000) (1024K)]
  0x00000152e7efcf80 JavaThread "DestroyJavaVM"                     [_thread_blocked, id=20744, stack(0x00000049ed000000,0x00000049ed100000) (1024K)]
  0x00000152e5c9cd50 JavaThread "C1 CompilerThread1"         daemon [_thread_blocked, id=17152, stack(0x00000049edf00000,0x00000049ee000000) (1024K)]
  0x00000152e7f02570 JavaThread "JFR Recorder Thread"        daemon [_thread_in_native, id=25316, stack(0x00000049ee000000,0x00000049ee100000) (1024K)]
  0x00000152e7f00e00 JavaThread "JFR Periodic Tasks"         daemon [_thread_blocked, id=17856, stack(0x00000049ee400000,0x00000049ee500000) (1024K)]
Total: 37

Other Threads:
  0x00000152e08a1f50 VMThread "VM Thread"                           [id=27040, stack(0x00000049ed700000,0x00000049ed800000) (1024K)]
  0x00000152e0892ab0 WatcherThread "VM Periodic Task Thread"        [id=19720, stack(0x00000049ed600000,0x00000049ed700000) (1024K)]
  0x00000152cad20a70 WorkerThread "GC Thread#0"                     [id=26384, stack(0x00000049ed100000,0x00000049ed200000) (1024K)]
  0x00000152e5c5a310 WorkerThread "GC Thread#1"                     [id=30512, stack(0x00000049eeb00000,0x00000049eec00000) (1024K)]
  0x00000152e5c5bcf0 WorkerThread "GC Thread#2"                     [id=22108, stack(0x00000049eec00000,0x00000049eed00000) (1024K)]
  0x00000152e5c5c140 WorkerThread "GC Thread#3"                     [id=16068, stack(0x00000049eed00000,0x00000049eee00000) (1024K)]
  0x00000152e5c5a760 WorkerThread "GC Thread#4"                     [id=18964, stack(0x00000049eee00000,0x00000049eef00000) (1024K)]
  0x00000152e5c591d0 WorkerThread "GC Thread#5"                     [id=30236, stack(0x00000049eef00000,0x00000049ef000000) (1024K)]
  0x00000152e5c5b8a0 WorkerThread "GC Thread#6"                     [id=19624, stack(0x00000049ef000000,0x00000049ef100000) (1024K)]
  0x00000152e5c58d80 WorkerThread "GC Thread#7"                     [id=1100, stack(0x00000049ef100000,0x00000049ef200000) (1024K)]
  0x00000152e5c59620 WorkerThread "GC Thread#8"                     [id=28088, stack(0x00000049ef200000,0x00000049ef300000) (1024K)]
  0x00000152e63bf3e0 WorkerThread "GC Thread#9"                     [id=12708, stack(0x00000049ef300000,0x00000049ef400000) (1024K)]
  0x00000152cad34650 ConcurrentGCThread "G1 Main Marker"            [id=21624, stack(0x00000049ed200000,0x00000049ed300000) (1024K)]
  0x00000152cad351f0 WorkerThread "G1 Conc#0"                       [id=22392, stack(0x00000049ed300000,0x00000049ed400000) (1024K)]
  0x00000152e63c0520 WorkerThread "G1 Conc#1"                       [id=21748, stack(0x00000049ef400000,0x00000049ef500000) (1024K)]
  0x00000152e63c1ab0 WorkerThread "G1 Conc#2"                       [id=27476, stack(0x00000049ef500000,0x00000049ef600000) (1024K)]
  0x00000152e075c1a0 ConcurrentGCThread "G1 Refine#0"               [id=6852, stack(0x00000049ed400000,0x00000049ed500000) (1024K)]
  0x00000152e075cdb0 ConcurrentGCThread "G1 Service"                [id=16824, stack(0x00000049ed500000,0x00000049ed600000) (1024K)]
Total: 18

Threads with active compile tasks:
Total: 0

VM state: not at safepoint (normal execution)

VM Mutex/Monitor currently owned by a thread: None

Heap address: 0x0000000684400000, size: 6076 MB, Compressed Oops mode: Zero based, Oop shift amount: 3

CDS archive(s) mapped at: [0x000000009f000000-0x000000009fdd0000-0x000000009fdd0000), size 14483456, SharedBaseAddress: 0x000000009f000000, ArchiveRelocationMode: 1.
Compressed class space mapped at: 0x00000000a0000000-0x00000000e0000000, reserved size: 1073741824
UseCompressedClassPointers 1, UseCompactObjectHeaders 0
Narrow klass pointer bits 32, Max shift 3
Narrow klass base: 0x000000009f000000, Narrow klass shift: 0
Encoding Range: [0x000000009f000000 - 0x000000019f000000), (4294967296 bytes)
Klass Range:    [0x000000009f010000 - 0x00000000e0000000), (1090453504 bytes)
Klass ID Range:  [65536 - 1090519033) (1090453497)
Protection zone: [0x000000009f000000 - 0x000000009f010000), (65536 bytes)

GC Precious Log:
 CardTable entry size: 512
 Card Set container configuration: InlinePtr #cards 4 size 8 Array Of Cards #cards 32 size 80 Howl #buckets 8 coarsen threshold 7372 Howl Bitmap #cards 1024 size 144 coarsen threshold 921 Card regions per heap region 1 cards per card region 8192
 CPUs: 12 total, 12 available
 Memory: 24302M
 Large Page Support: Disabled
 NUMA Support: Disabled
 Compressed Oops: Enabled (Zero based)
 Heap Region Size: 4M
 Heap Min Capacity: 8M
 Heap Initial Capacity: 380M
 Heap Max Capacity: 6076M
 Pre-touch: Disabled
 Parallel Workers: 10
 Concurrent Workers: 3
 Concurrent Refinement Workers: 10
 Periodic GC: Disabled

Heap:
 garbage-first heap   total reserved 6221824K, committed 98304K, used 50185K [0x0000000684400000, 0x0000000800000000)
  region size 4096K, 8 young (32768K), 2 survivors (8192K)

Heap Regions: E=young(eden), S=young(survivor), O=old, HS=humongous(starts), HC=humongous(continues), CS=collection set, F=free, TAMS=top-at-mark-start, PB=parsable bottom
|   0|0x0000000684400000, 0x0000000684633c50, 0x0000000684800000| 55%| O|  |TAMS 0x0000000684400000| PB 0x0000000684400000| Untracked |  0
|   1|0x0000000684800000, 0x0000000684c00000, 0x0000000684c00000|100%| O|  |TAMS 0x0000000684800000| PB 0x0000000684800000| Untracked |  0
|   2|0x0000000684c00000, 0x0000000685000000, 0x0000000685000000|100%| O|  |TAMS 0x0000000684c00000| PB 0x0000000684c00000| Untracked |  0
|   3|0x0000000685000000, 0x0000000685400000, 0x0000000685400000|100%| O|  |TAMS 0x0000000685000000| PB 0x0000000685000000| Untracked |  0
|   4|0x0000000685400000, 0x0000000685800000, 0x0000000685800000|100%| O|  |TAMS 0x0000000685400000| PB 0x0000000685400000| Untracked |  0
|   5|0x0000000685800000, 0x00000006859a9458, 0x0000000685c00000| 41%| O|Cm|TAMS 0x0000000685800000| PB 0x0000000685800000| Complete |  0
|   6|0x0000000685c00000, 0x0000000686000000, 0x0000000686000000|100%| O|  |TAMS 0x0000000685c00000| PB 0x0000000685c00000| Untracked |  0
|   7|0x0000000686000000, 0x0000000686000000, 0x0000000686400000|  0%| F|  |TAMS 0x0000000686000000| PB 0x0000000686000000| Untracked |  0
|   8|0x0000000686400000, 0x0000000686400000, 0x0000000686800000|  0%| F|  |TAMS 0x0000000686400000| PB 0x0000000686400000| Untracked |  0
|   9|0x0000000686800000, 0x0000000686800000, 0x0000000686c00000|  0%| F|  |TAMS 0x0000000686800000| PB 0x0000000686800000| Untracked |  0
|  10|0x0000000686c00000, 0x0000000686c00000, 0x0000000687000000|  0%| F|  |TAMS 0x0000000686c00000| PB 0x0000000686c00000| Untracked |  0
|  11|0x0000000687000000, 0x0000000687000000, 0x0000000687400000|  0%| F|  |TAMS 0x0000000687000000| PB 0x0000000687000000| Untracked |  0
|  12|0x0000000687400000, 0x0000000687400000, 0x0000000687800000|  0%| F|  |TAMS 0x0000000687400000| PB 0x0000000687400000| Untracked |  0
|  13|0x0000000687800000, 0x0000000687800000, 0x0000000687c00000|  0%| F|  |TAMS 0x0000000687800000| PB 0x0000000687800000| Untracked |  0
|  14|0x0000000687c00000, 0x0000000687c00000, 0x0000000688000000|  0%| F|  |TAMS 0x0000000687c00000| PB 0x0000000687c00000| Untracked |  0
|  15|0x0000000688000000, 0x0000000688000000, 0x0000000688400000|  0%| F|  |TAMS 0x0000000688000000| PB 0x0000000688000000| Untracked |  0
|  16|0x0000000688400000, 0x00000006886c5e90, 0x0000000688800000| 69%| E|  |TAMS 0x0000000688400000| PB 0x0000000688400000| Complete |  0
|  17|0x0000000688800000, 0x0000000688c00000, 0x0000000688c00000|100%| E|CS|TAMS 0x0000000688800000| PB 0x0000000688800000| Complete |  0
|  18|0x0000000688c00000, 0x0000000689000000, 0x0000000689000000|100%| E|CS|TAMS 0x0000000688c00000| PB 0x0000000688c00000| Complete |  0
|  73|0x0000000696800000, 0x0000000696925658, 0x0000000696c00000| 28%| S|CS|TAMS 0x0000000696800000| PB 0x0000000696800000| Complete |  0
|  74|0x0000000696c00000, 0x0000000697000000, 0x0000000697000000|100%| S|CS|TAMS 0x0000000696c00000| PB 0x0000000696c00000| Complete |  0
|  75|0x0000000697000000, 0x0000000697400000, 0x0000000697400000|100%| E|CS|TAMS 0x0000000697000000| PB 0x0000000697000000| Complete |  0
|  94|0x000000069bc00000, 0x000000069c000000, 0x000000069c000000|100%| E|CS|TAMS 0x000000069bc00000| PB 0x000000069bc00000| Complete |  0
|1518|0x00000007ffc00000, 0x0000000800000000, 0x0000000800000000|100%| E|CS|TAMS 0x00000007ffc00000| PB 0x00000007ffc00000| Complete |  0

Card table byte_map: [0x00000152d77a0000,0x00000152d8380000] _byte_map_base: 0x00000152d437e000

Marking Bits: (CMBitMap*) 0x00000152cad21200
 Bits: [0x00000152d8380000, 0x00000152de270000)

Polling page: 0x00000152ca390000

Metaspace:
Metaspace        used 61937K, committed 62464K, reserved 1114112K
 class space     used 6804K, committed 7040K, reserved 1048576K

Usage:
  Non-class:     53.84 MB used.
      Class:      6.64 MB used.
       Both:     60.49 MB used.

Virtual space:
  Non-class space:       64.00 MB reserved,      54.12 MB ( 85%) committed,  1 nodes.
      Class space:        1.00 GB reserved,       6.88 MB ( <1%) committed,  1 nodes.
             Both:        1.06 GB reserved,      61.00 MB (  6%) committed. 

Chunk freelists:
   Non-Class:  9.00 MB
       Class:  9.18 MB
        Both:  18.18 MB

MaxMetaspaceSize: unlimited
CompressedClassSpaceSize: 1.00 GB
Initial GC threshold: 21.00 MB
Current GC threshold: 99.31 MB
CDS: on
 - commit_granule_bytes: 65536.
 - commit_granule_words: 8192.
 - virtual_space_node_default_size: 8388608.
 - enlarge_chunks_in_place: 1.
UseCompressedClassPointers 1, UseCompactObjectHeaders 0
Narrow klass pointer bits 32, Max shift 3
Narrow klass base: 0x000000009f000000, Narrow klass shift: 0
Encoding Range: [0x000000009f000000 - 0x000000019f000000), (4294967296 bytes)
Klass Range:    [0x000000009f010000 - 0x00000000e0000000), (1090453504 bytes)
Klass ID Range:  [65536 - 1090519033) (1090453497)
Protection zone: [0x000000009f000000 - 0x000000009f010000), (65536 bytes)


Internal statistics:

num_allocs_failed_limit: 12.
num_arena_births: 666.
num_arena_deaths: 0.
num_vsnodes_births: 2.
num_vsnodes_deaths: 0.
num_space_committed: 976.
num_space_uncommitted: 0.
num_chunks_returned_to_freelist: 12.
num_chunks_taken_from_freelist: 2755.
num_chunk_merges: 12.
num_chunk_splits: 2056.
num_chunks_enlarged: 1705.
num_inconsistent_stats: 0.

CodeCache: size=49152Kb used=8656Kb max_used=9484Kb free=40495Kb
 bounds [0x00000152d3780000, 0x00000152d40d0000, 0x00000152d6780000]
 total_blobs=6594, nmethods=5883, adapters=634, full_count=0
Compilation: enabled, stopped_count=0, restarted_count=0

Compilation events (20 events):
Event: 18.285 Thread 0x00000152e08cc7b0 5959       1       jdk.jfr.internal.PlatformEventType::isEnabled (5 bytes)
Event: 18.285 Thread 0x00000152e5c9cd50 5960       1       jdk.jfr.internal.EventControl::getEventType (5 bytes)
Event: 18.285 Thread 0x00000152e08cc7b0 nmethod 5959 0x00000152d3b06408 code [0x00000152d3b06500, 0x00000152d3b065c8]
Event: 18.285 Thread 0x00000152e08cc7b0 5963   !   1       jdk.jfr.internal.Control::setValue (69 bytes)
Event: 18.285 Thread 0x00000152e5c9cd50 nmethod 5960 0x00000152d3b06108 code [0x00000152d3b06200, 0x00000152d3b062c8]
Event: 18.285 Thread 0x00000152e5c9cd50 5964       1       jdk.jfr.internal.SettingsManager$InternalSetting::getValues (35 bytes)
Event: 18.285 Thread 0x00000152e5c9cd50 nmethod 5964 0x00000152d3b05e08 code [0x00000152d3b05f00, 0x00000152d3b06100]
Event: 18.285 Thread 0x00000152e5c9cd50 5965       1       jdk.jfr.internal.Control::apply (10 bytes)
Event: 18.285 Thread 0x00000152e5c9cd50 nmethod 5965 0x00000152d3b05b08 code [0x00000152d3b05c00, 0x00000152d3b05d10]
Event: 18.285 Thread 0x00000152e5c9cd50 5966       1       jdk.jfr.internal.Control::findCombine (121 bytes)
Event: 18.285 Thread 0x00000152e08cc7b0 nmethod 5963 0x00000152d3b05508 code [0x00000152d3b05600, 0x00000152d3b05ad8]
Event: 18.285 Thread 0x00000152e08cc7b0 5961       1       jdk.jfr.internal.EventControl::getSettingsId (5 bytes)
Event: 18.285 Thread 0x00000152e08cc7b0 nmethod 5961 0x00000152d3b05208 code [0x00000152d3b05300, 0x00000152d3b053c8]
Event: 18.285 Thread 0x00000152e08cc7b0 5962       1       jdk.jfr.internal.EventControl::getNamedControls (5 bytes)
Event: 18.285 Thread 0x00000152e08cc7b0 nmethod 5962 0x00000152d3b04f08 code [0x00000152d3b05000, 0x00000152d3b050c8]
Event: 18.285 Thread 0x00000152e5c9cd50 nmethod 5966 0x00000152d3b04608 code [0x00000152d3b04700, 0x00000152d3b04e98]
Event: 18.289 Thread 0x00000152e5c9cd50 5967       1       jdk.jfr.internal.periodic.EventTask::getEventType (5 bytes)
Event: 18.289 Thread 0x00000152e5c9cd50 nmethod 5967 0x00000152d3b04308 code [0x00000152d3b04400, 0x00000152d3b044c8]
Event: 18.289 Thread 0x00000152e08cc7b0 5968       1       jdk.jfr.internal.periodic.PeriodicTask::getPeriod (5 bytes)
Event: 18.289 Thread 0x00000152e08cc7b0 nmethod 5968 0x00000152d3b04008 code [0x00000152d3b04100, 0x00000152d3b041c8]

GC Heap Usage History (16 events):
Event: 0.670 {heap Before GC invocations=0 (full 0):
 garbage-first heap   total reserved 6221824K, committed 393216K, used 46227K [0x0000000684400000, 0x0000000800000000)
  region size 4096K, 12 young (49152K), 0 survivors (0K)
}
Event: 0.675 {heap After GC invocations=1 (full 0):
 garbage-first heap   total reserved 6221824K, committed 393216K, used 9917K [0x0000000684400000, 0x0000000800000000)
  region size 4096K, 2 young (8192K), 2 survivors (8192K)
}
Event: 1.288 {heap Before GC invocations=1 (full 0):
 garbage-first heap   total reserved 6221824K, committed 393216K, used 71357K [0x0000000684400000, 0x0000000800000000)
  region size 4096K, 18 young (73728K), 2 survivors (8192K)
}
Event: 1.296 {heap After GC invocations=2 (full 0):
 garbage-first heap   total reserved 6221824K, committed 393216K, used 15424K [0x0000000684400000, 0x0000000800000000)
  region size 4096K, 4 young (16384K), 4 survivors (16384K)
}
Event: 1.902 {heap Before GC invocations=3 (full 0):
 garbage-first heap   total reserved 6221824K, committed 81920K, used 72768K [0x0000000684400000, 0x0000000800000000)
  region size 4096K, 18 young (73728K), 4 survivors (16384K)
}
Event: 1.911 {heap After GC invocations=4 (full 0):
 garbage-first heap   total reserved 6221824K, committed 102400K, used 20174K [0x0000000684400000, 0x0000000800000000)
  region size 4096K, 5 young (20480K), 5 survivors (20480K)
}
Event: 2.295 {heap Before GC invocations=4 (full 0):
 garbage-first heap   total reserved 6221824K, committed 102400K, used 52942K [0x0000000684400000, 0x0000000800000000)
  region size 4096K, 14 young (57344K), 5 survivors (20480K)
}
Event: 2.304 {heap After GC invocations=5 (full 0):
 garbage-first heap   total reserved 6221824K, committed 102400K, used 22091K [0x0000000684400000, 0x0000000800000000)
  region size 4096K, 1 young (4096K), 1 survivors (4096K)
}
Event: 2.323 {heap Before GC invocations=5 (full 0):
 garbage-first heap   total reserved 6221824K, committed 102400K, used 22091K [0x0000000684400000, 0x0000000800000000)
  region size 4096K, 2 young (8192K), 1 survivors (4096K)
}
Event: 2.324 {heap After GC invocations=6 (full 0):
 garbage-first heap   total reserved 6221824K, committed 102400K, used 21106K [0x0000000684400000, 0x0000000800000000)
  region size 4096K, 1 young (4096K), 1 survivors (4096K)
}
Event: 2.933 {heap Before GC invocations=7 (full 0):
 garbage-first heap   total reserved 6221824K, committed 98304K, used 66162K [0x0000000684400000, 0x0000000800000000)
  region size 4096K, 13 young (53248K), 1 survivors (4096K)
}
Event: 2.936 {heap After GC invocations=8 (full 0):
 garbage-first heap   total reserved 6221824K, committed 98304K, used 24704K [0x0000000684400000, 0x0000000800000000)
  region size 4096K, 2 young (8192K), 2 survivors (8192K)
}
Event: 3.458 {heap Before GC invocations=8 (full 0):
 garbage-first heap   total reserved 6221824K, committed 98304K, used 69760K [0x0000000684400000, 0x0000000800000000)
  region size 4096K, 13 young (53248K), 2 survivors (8192K)
}
Event: 3.463 {heap After GC invocations=9 (full 0):
 garbage-first heap   total reserved 6221824K, committed 98304K, used 28360K [0x0000000684400000, 0x0000000800000000)
  region size 4096K, 2 young (8192K), 2 survivors (8192K)
}
Event: 3.571 {heap Before GC invocations=9 (full 0):
 garbage-first heap   total reserved 6221824K, committed 98304K, used 36552K [0x0000000684400000, 0x0000000800000000)
  region size 4096K, 5 young (20480K), 2 survivors (8192K)
}
Event: 3.575 {heap After GC invocations=10 (full 0):
 garbage-first heap   total reserved 6221824K, committed 98304K, used 29705K [0x0000000684400000, 0x0000000800000000)
  region size 4096K, 2 young (8192K), 2 survivors (8192K)
}

Metaspace Usage History (16 events):
Event: 0.670 {metaspace Before GC invocations=0 (full 0):
 Metaspace       used 9954K, committed 10240K, reserved 1114112K
  class space    used 1035K, committed 1152K, reserved 1048576K
}
Event: 0.675 {metaspace After GC invocations=1 (full 0):
 Metaspace       used 9954K, committed 10240K, reserved 1114112K
  class space    used 1035K, committed 1152K, reserved 1048576K
}
Event: 1.288 {metaspace Before GC invocations=1 (full 0):
 Metaspace       used 21252K, committed 21504K, reserved 1114112K
  class space    used 2262K, committed 2368K, reserved 1048576K
}
Event: 1.296 {metaspace After GC invocations=2 (full 0):
 Metaspace       used 21252K, committed 21504K, reserved 1114112K
  class space    used 2262K, committed 2368K, reserved 1048576K
}
Event: 1.902 {metaspace Before GC invocations=3 (full 0):
 Metaspace       used 28478K, committed 28928K, reserved 1114112K
  class space    used 3131K, committed 3328K, reserved 1048576K
}
Event: 1.911 {metaspace After GC invocations=4 (full 0):
 Metaspace       used 28478K, committed 28928K, reserved 1114112K
  class space    used 3131K, committed 3328K, reserved 1048576K
}
Event: 2.295 {metaspace Before GC invocations=4 (full 0):
 Metaspace       used 35536K, committed 35968K, reserved 1114112K
  class space    used 3918K, committed 4096K, reserved 1048576K
}
Event: 2.304 {metaspace After GC invocations=5 (full 0):
 Metaspace       used 35536K, committed 35968K, reserved 1114112K
  class space    used 3918K, committed 4096K, reserved 1048576K
}
Event: 2.323 {metaspace Before GC invocations=5 (full 0):
 Metaspace       used 35888K, committed 36288K, reserved 1114112K
  class space    used 3954K, committed 4096K, reserved 1048576K
}
Event: 2.324 {metaspace After GC invocations=6 (full 0):
 Metaspace       used 35888K, committed 36288K, reserved 1114112K
  class space    used 3954K, committed 4096K, reserved 1048576K
}
Event: 2.933 {metaspace Before GC invocations=7 (full 0):
 Metaspace       used 50111K, committed 50624K, reserved 1114112K
  class space    used 5396K, committed 5632K, reserved 1048576K
}
Event: 2.936 {metaspace After GC invocations=8 (full 0):
 Metaspace       used 50111K, committed 50624K, reserved 1114112K
  class space    used 5396K, committed 5632K, reserved 1048576K
}
Event: 3.458 {metaspace Before GC invocations=8 (full 0):
 Metaspace       used 58113K, committed 58624K, reserved 1114112K
  class space    used 6331K, committed 6528K, reserved 1048576K
}
Event: 3.463 {metaspace After GC invocations=9 (full 0):
 Metaspace       used 58113K, committed 58624K, reserved 1114112K
  class space    used 6331K, committed 6528K, reserved 1048576K
}
Event: 3.571 {metaspace Before GC invocations=9 (full 0):
 Metaspace       used 60307K, committed 60800K, reserved 1114112K
  class space    used 6586K, committed 6848K, reserved 1048576K
}
Event: 3.575 {metaspace After GC invocations=10 (full 0):
 Metaspace       used 60307K, committed 60800K, reserved 1114112K
  class space    used 6586K, committed 6848K, reserved 1048576K
}

Dll operation events (13 events):
Event: 0.011 Loaded shared library C:\Program Files\Eclipse Adoptium\jdk-25.0.0.36-hotspot\bin\java.dll
Event: 0.102 Loaded shared library C:\Program Files\Eclipse Adoptium\jdk-25.0.0.36-hotspot\bin\zip.dll
Event: 0.105 Loaded shared library C:\Program Files\Eclipse Adoptium\jdk-25.0.0.36-hotspot\bin\instrument.dll
Event: 0.110 Loaded shared library C:\Program Files\Eclipse Adoptium\jdk-25.0.0.36-hotspot\bin\net.dll
Event: 0.114 Loaded shared library C:\Program Files\Eclipse Adoptium\jdk-25.0.0.36-hotspot\bin\nio.dll
Event: 0.116 Loaded shared library C:\Program Files\Eclipse Adoptium\jdk-25.0.0.36-hotspot\bin\zip.dll
Event: 0.151 Loaded shared library C:\Program Files\Eclipse Adoptium\jdk-25.0.0.36-hotspot\bin\jimage.dll
Event: 0.188 Loaded shared library C:\Program Files\Eclipse Adoptium\jdk-25.0.0.36-hotspot\bin\extnet.dll
Event: 0.193 Loaded shared library C:\Program Files\Eclipse Adoptium\jdk-25.0.0.36-hotspot\bin\management.dll
Event: 0.200 Loaded shared library C:\Program Files\Eclipse Adoptium\jdk-25.0.0.36-hotspot\bin\management_ext.dll
Event: 0.997 Loaded shared library C:\Program Files\Eclipse Adoptium\jdk-25.0.0.36-hotspot\bin\sunmscapi.dll
Event: 2.243 Loaded shared library C:\Program Files\Eclipse Adoptium\jdk-25.0.0.36-hotspot\bin\verify.dll
Event: 18.186 Loaded shared library C:\Users\krake\AppData\Local\Temp\idea_libasyncProfiler_dll_temp_folder\libasyncProfiler.dll

Deoptimization events (2 events):
Event: 1.563 Thread 0x00000152e657b660 DEOPT PACKING pc=0x00000152d3bd1bb4 sp=0x00000049eeafc5a0
Event: 1.563 Thread 0x00000152e657b660 DEOPT UNPACKING pc=0x00000152d37d12a2 sp=0x00000049eeafba98 mode 0

Classes loaded (20 events):
Event: 18.269 Loading class jdk/jfr/internal/MetadataDescriptor$Element
Event: 18.269 Loading class jdk/jfr/internal/MetadataDescriptor$Element done
Event: 18.269 Loading class jdk/jfr/internal/MetadataDescriptor$Attribute
Event: 18.269 Loading class jdk/jfr/internal/MetadataDescriptor$Attribute done
Event: 18.273 Loading class jdk/jfr/internal/consumer/StringParser$Encoding
Event: 18.273 Loading class jdk/jfr/internal/consumer/StringParser$Encoding done
Event: 18.280 Loading class jdk/jfr/internal/consumer/RepositoryFiles
Event: 18.280 Loading class jdk/jfr/internal/consumer/RepositoryFiles done
Event: 18.283 Loading class jdk/jfr/internal/SettingsManager$InternalSetting
Event: 18.283 Loading class jdk/jfr/internal/SettingsManager$InternalSetting done
Event: 18.284 Loading class jdk/jfr/internal/util/Rate
Event: 18.284 Loading class jdk/jfr/internal/util/Rate done
Event: 18.284 Loading class jdk/jfr/internal/util/TimespanUnit
Event: 18.284 Loading class jdk/jfr/internal/util/TimespanUnit done
Event: 18.284 Loading class jdk/jfr/internal/util/ValueParser
Event: 18.284 Loading class jdk/jfr/internal/util/ValueParser done
Event: 18.285 Loading class jdk/jfr/internal/util/TimespanRate
Event: 18.285 Loading class jdk/jfr/internal/util/TimespanRate done
Event: 18.286 Loading class jdk/jfr/internal/periodic/PeriodicType
Event: 18.286 Loading class jdk/jfr/internal/periodic/PeriodicType done

Classes unloaded (0 events):
No events

Classes redefined (0 events):
No events

Internal exceptions (20 events):
Event: 3.082 Thread 0x00000152e657b660 Exception <a 'java/lang/NoSuchMethodError'{0x0000000697374ca0}: 'java.lang.Object java.lang.invoke.DirectMethodHandle$Holder.newInvokeSpecial(java.lang.Object, java.lang.Object, java.lang.Object, java.lang.Object, java.lang.Object, java.lang.Object, java.lang.Object, int)'> (0x0000000697374ca0) 
thrown [s\src\hotspot\share\interpreter\linkResolver.cpp, line 804]
Event: 3.082 Thread 0x00000152e657b660 Exception <a 'java/lang/NoSuchMethodError'{0x000000069737e3b0}: 'java.lang.Object java.lang.invoke.DirectMethodHandle$Holder.invokeSpecial(java.lang.Object, java.lang.Object, java.lang.Object, java.lang.Object, java.lang.Object, java.lang.Object, java.lang.Object, java.lang.Object, int)'> (0x000000069737e3b0) 
thrown [s\src\hotspot\share\interpreter\linkResolver.cpp, line 804]
Event: 3.082 Thread 0x00000152e657b660 Exception <a 'java/lang/NoSuchMethodError'{0x0000000697386f58}: 'java.lang.Object java.lang.invoke.Invokers$Holder.linkToTargetMethod(java.lang.Object, java.lang.Object, java.lang.Object, java.lang.Object, java.lang.Object, java.lang.Object, int, java.lang.Object)'> (0x0000000697386f58) 
thrown [s\src\hotspot\share\interpreter\linkResolver.cpp, line 804]
Event: 3.178 Thread 0x00000152e657b660 Exception <a 'java/lang/NoSuchMethodError'{0x0000000696b30560}: 'java.lang.Object java.lang.invoke.DirectMethodHandle$Holder.newInvokeSpecial(java.lang.Object, java.lang.Object, java.lang.Object, java.lang.Object, java.lang.Object, java.lang.Object, java.lang.Object, java.lang.Object)'> (0x0000000696b30560) 
thrown [s\src\hotspot\share\interpreter\linkResolver.cpp, line 804]
Event: 3.198 Thread 0x00000152e657b660 Exception <a 'java/io/IOException'{0x0000000688d1ccc0}> (0x0000000688d1ccc0) 
thrown [s\src\hotspot\share\prims\jni.cpp, line 516]
Event: 3.273 Thread 0x00000152e657b660 Exception <a 'java/lang/NoSuchMethodError'{0x0000000688ad7478}: 'void java.lang.invoke.Invokers$Holder.invokeExact_MT(java.lang.Object, java.lang.Object, java.lang.Object, java.lang.Object)'> (0x0000000688ad7478) 
thrown [s\src\hotspot\share\interpreter\linkResolver.cpp, line 804]
Event: 3.295 Thread 0x00000152e657b660 Exception <a 'java/lang/IncompatibleClassChangeError'{0x00000006884cd538}: Found class java.lang.Object, but interface was expected> (0x00000006884cd538) 
thrown [s\src\hotspot\share\interpreter\linkResolver.cpp, line 871]
Event: 3.348 Thread 0x00000152e657b660 Exception <a 'java/lang/NoSuchMethodError'{0x00000006880604d0}: 'int java.lang.invoke.DirectMethodHandle$Holder.invokeStaticInit(java.lang.Object, java.lang.Object, java.lang.Object, java.lang.Object)'> (0x00000006880604d0) 
thrown [s\src\hotspot\share\interpreter\linkResolver.cpp, line 804]
Event: 3.384 Thread 0x00000152e657b660 Exception <a 'java/lang/IncompatibleClassChangeError'{0x000000068831f980}: Found class java.lang.Object, but interface was expected> (0x000000068831f980) 
thrown [s\src\hotspot\share\interpreter\linkResolver.cpp, line 871]
Event: 3.417 Thread 0x00000152e657b660 Exception <a 'java/lang/IncompatibleClassChangeError'{0x0000000687f087e0}: Found class java.lang.Object, but interface was expected> (0x0000000687f087e0) 
thrown [s\src\hotspot\share\interpreter\linkResolver.cpp, line 871]
Event: 3.435 Thread 0x00000152e657b660 Exception <a 'java/lang/IncompatibleClassChangeError'{0x0000000687896500}: Found class java.lang.Object, but interface was expected> (0x0000000687896500) 
thrown [s\src\hotspot\share\interpreter\linkResolver.cpp, line 871]
Event: 3.483 Thread 0x00000152e657b660 Exception <a 'java/lang/IncompatibleClassChangeError'{0x00000007ffebb238}: Found class java.lang.Object, but interface was expected> (0x00000007ffebb238) 
thrown [s\src\hotspot\share\interpreter\linkResolver.cpp, line 871]
Event: 3.535 Thread 0x00000152e657b660 Exception <a 'java/lang/IncompatibleClassChangeError'{0x000000069bfc3c68}: Found class java.lang.Object, but interface was expected> (0x000000069bfc3c68) 
thrown [s\src\hotspot\share\interpreter\linkResolver.cpp, line 871]
Event: 3.628 Thread 0x00000152e657b660 Exception <a 'java/lang/NoSuchMethodError'{0x000000069bc6c200}: 'java.lang.Object java.lang.invoke.DirectMethodHandle$Holder.newInvokeSpecial(java.lang.Object, java.lang.Object, int, java.lang.Object, java.lang.Object)'> (0x000000069bc6c200) 
thrown [s\src\hotspot\share\interpreter\linkResolver.cpp, line 804]
Event: 4.141 Thread 0x00000152e5bfbf90 Exception <a 'java/lang/NoSuchMethodError'{0x0000000697354fb0}: 'java.lang.Object java.lang.invoke.DirectMethodHandle$Holder.invokeInterface(java.lang.Object, java.lang.Object, java.lang.Object, java.lang.Object, java.lang.Object, java.lang.Object, java.lang.Object)'> (0x0000000697354fb0) 
thrown [s\src\hotspot\share\interpreter\linkResolver.cpp, line 804]
Event: 18.263 Thread 0x00000152e08ba060 Exception <a 'java/lang/NoSuchMethodError'{0x0000000688ae7b48}: 'void java.lang.invoke.DirectMethodHandle$Holder.invokeSpecial(java.lang.Object, java.lang.Object, int)'> (0x0000000688ae7b48) 
thrown [s\src\hotspot\share\interpreter\linkResolver.cpp, line 804]
Event: 18.263 Thread 0x00000152e08ba060 Exception <a 'java/lang/NoSuchMethodError'{0x0000000688aef7a0}: 'void java.lang.invoke.Invokers$Holder.invokeExact_MT(java.lang.Object, int, java.lang.Object)'> (0x0000000688aef7a0) 
thrown [s\src\hotspot\share\interpreter\linkResolver.cpp, line 804]
Event: 18.265 Thread 0x00000152e08ba060 Exception <a 'sun/nio/fs/WindowsException'{0x0000000688b16d40}> (0x0000000688b16d40) 
thrown [s\src\hotspot\share\prims\jni.cpp, line 516]
Event: 18.266 Thread 0x00000152e08ba060 Exception <a 'sun/nio/fs/WindowsException'{0x0000000688b1c658}> (0x0000000688b1c658) 
thrown [s\src\hotspot\share\prims\jni.cpp, line 516]
Event: 18.268 Thread 0x00000152e08ba060 Exception <a 'sun/nio/fs/WindowsException'{0x0000000688b1ef58}> (0x0000000688b1ef58) 
thrown [s\src\hotspot\share\prims\jni.cpp, line 516]

VM Operations (20 events):
Event: 3.301 Executing non-safepoint VM operation: HandshakeAllThreads (Deoptimize)
Event: 3.301 Executing non-safepoint VM operation: HandshakeAllThreads (Deoptimize) done
Event: 3.334 Executing non-safepoint VM operation: HandshakeAllThreads (Deoptimize)
Event: 3.334 Executing non-safepoint VM operation: HandshakeAllThreads (Deoptimize) done
Event: 3.458 Executing safepoint VM operation: G1CollectForAllocation (G1 Evacuation Pause)
Event: 3.463 Executing safepoint VM operation: G1CollectForAllocation (G1 Evacuation Pause) done
Event: 3.488 Executing non-safepoint VM operation: HandshakeAllThreads (Deoptimize)
Event: 3.488 Executing non-safepoint VM operation: HandshakeAllThreads (Deoptimize) done
Event: 3.488 Executing non-safepoint VM operation: HandshakeAllThreads (Deoptimize)
Event: 3.488 Executing non-safepoint VM operation: HandshakeAllThreads (Deoptimize) done
Event: 3.571 Executing safepoint VM operation: CollectForMetadataAllocation (Metadata GC Threshold)
Event: 3.575 Executing safepoint VM operation: CollectForMetadataAllocation (Metadata GC Threshold) done
Event: 3.591 Executing safepoint VM operation: G1PauseRemark
Event: 3.593 Executing safepoint VM operation: G1PauseRemark done
Event: 3.597 Executing safepoint VM operation: G1PauseCleanup
Event: 3.597 Executing safepoint VM operation: G1PauseCleanup done
Event: 3.627 Executing non-safepoint VM operation: HandshakeAllThreads (Deoptimize)
Event: 3.627 Executing non-safepoint VM operation: HandshakeAllThreads (Deoptimize) done
Event: 18.280 Executing safepoint VM operation: JFRSafepointClear
Event: 18.280 Executing safepoint VM operation: JFRSafepointClear done

Memory protections (0 events):
No events

Nmethod flushes (20 events):
Event: 3.592 Thread 0x00000152e08a1f50 flushing  nmethod 0x00000152d3df2b88
Event: 3.592 Thread 0x00000152e08a1f50 flushing  nmethod 0x00000152d3eb6e88
Event: 3.592 Thread 0x00000152e08a1f50 flushing  nmethod 0x00000152d3de5808
Event: 3.592 Thread 0x00000152e08a1f50 flushing  nmethod 0x00000152d3e28208
Event: 3.592 Thread 0x00000152e08a1f50 flushing  nmethod 0x00000152d3e28508
Event: 3.592 Thread 0x00000152e08a1f50 flushing  nmethod 0x00000152d3f3b508
Event: 3.592 Thread 0x00000152e08a1f50 flushing  nmethod 0x00000152d3f3b808
Event: 3.592 Thread 0x00000152e08a1f50 flushing  nmethod 0x00000152d3cefb88
Event: 3.592 Thread 0x00000152e08a1f50 flushing  nmethod 0x00000152d3cf0088
Event: 3.592 Thread 0x00000152e08a1f50 flushing  nmethod 0x00000152d3cf0d88
Event: 3.592 Thread 0x00000152e08a1f50 flushing  nmethod 0x00000152d3bcfa88
Event: 3.592 Thread 0x00000152e08a1f50 flushing  nmethod 0x00000152d3bd1908
Event: 3.592 Thread 0x00000152e08a1f50 flushing  nmethod 0x00000152d3e36588
Event: 3.592 Thread 0x00000152e08a1f50 flushing  nmethod 0x00000152d3ea9488
Event: 3.592 Thread 0x00000152e08a1f50 flushing  nmethod 0x00000152d3eec608
Event: 3.592 Thread 0x00000152e08a1f50 flushing  nmethod 0x00000152d3c27b88
Event: 3.592 Thread 0x00000152e08a1f50 flushing  nmethod 0x00000152d3e30088
Event: 3.592 Thread 0x00000152e08a1f50 flushing  nmethod 0x00000152d3c7bd08
Event: 3.592 Thread 0x00000152e08a1f50 flushing  nmethod 0x00000152d3cb1108
Event: 3.592 Thread 0x00000152e08a1f50 flushing  nmethod 0x00000152d3e71f08

Events (20 events):
Event: 3.633 Thread 0x00000152e657b660 Thread added: 0x00000152e7ee0ce0
Event: 3.640 Thread 0x00000152e657b660 Thread added: 0x00000152e7eff690
Event: 3.640 Thread 0x00000152e657b660 Thread added: 0x00000152e7effe60
Event: 3.651 Thread 0x00000152e657b660 Thread exited: 0x00000152e657b660
Event: 3.652 Thread 0x00000152e61d2a00 Thread exited: 0x00000152e61d2a00
Event: 3.652 Thread 0x00000152c892e750 Thread exited: 0x00000152c892e750
Event: 3.652 Thread 0x00000152e7efcf80 Thread added: 0x00000152e7efcf80
Event: 4.135 Thread 0x00000152e5bfbf90 Thread added: 0x00000152e7f00630
Event: 4.138 Thread 0x00000152e7f00630 Thread exited: 0x00000152e7f00630
Event: 4.139 Thread 0x00000152e5bfbf90 Thread added: 0x00000152e7f00630
Event: 4.143 Thread 0x00000152e7f00630 Thread exited: 0x00000152e7f00630
Event: 4.144 Thread 0x00000152e5bfbf90 Thread added: 0x00000152e7f00630
Event: 4.147 Thread 0x00000152e7f00630 Thread exited: 0x00000152e7f00630
Event: 5.619 Thread 0x00000152e5936290 Thread exited: 0x00000152e5936290
Event: 7.026 Thread 0x00000152e508f370 Thread exited: 0x00000152e508f370
Event: 7.911 Thread 0x00000152e73f5b10 Thread exited: 0x00000152e73f5b10
Event: 10.121 Thread 0x00000152e508ab40 Thread exited: 0x00000152e508ab40
Event: 15.389 Thread 0x00000152e08cc7b0 Thread added: 0x00000152e5c9cd50
Event: 18.224 Thread 0x00000152e08ba060 Thread added: 0x00000152e7f02570
Event: 18.264 Thread 0x00000152e08ba060 Thread added: 0x00000152e7f00e00


Dynamic libraries:
0x00007ff6aa6a0000 - 0x00007ff6aa6ae000 	C:\Program Files\Eclipse Adoptium\jdk-25.0.0.36-hotspot\bin\java.exe
0x00007ff84a440000 - 0x00007ff84a6a8000 	C:\WINDOWS\SYSTEM32\ntdll.dll
0x00007ff849060000 - 0x00007ff849129000 	C:\WINDOWS\System32\KERNEL32.DLL
0x00007ff847590000 - 0x00007ff847988000 	C:\WINDOWS\System32\KERNELBASE.dll
0x00007ff847f40000 - 0x00007ff84808b000 	C:\WINDOWS\System32\ucrtbase.dll
0x00007ff81ce10000 - 0x00007ff81ce2e000 	C:\Program Files\Eclipse Adoptium\jdk-25.0.0.36-hotspot\bin\VCRUNTIME140.dll
0x00007ff819dd0000 - 0x00007ff819de6000 	C:\Program Files\Eclipse Adoptium\jdk-25.0.0.36-hotspot\bin\jli.dll
0x00007ff849fc0000 - 0x00007ff84a187000 	C:\WINDOWS\System32\USER32.dll
0x00007ff827b30000 - 0x00007ff827dc4000 	C:\WINDOWS\WinSxS\amd64_microsoft.windows.common-controls_6595b64144ccf1df_6.0.26100.7019_none_3e06ffa0e335b8a8\COMCTL32.dll
0x00007ff847b10000 - 0x00007ff847b37000 	C:\WINDOWS\System32\win32u.dll
0x00007ff848ee0000 - 0x00007ff848f89000 	C:\WINDOWS\System32\msvcrt.dll
0x00007ff848e30000 - 0x00007ff848e5b000 	C:\WINDOWS\System32\GDI32.dll
0x00007ff847b40000 - 0x00007ff847c6c000 	C:\WINDOWS\System32\gdi32full.dll
0x00007ff847c70000 - 0x00007ff847d13000 	C:\WINDOWS\System32\msvcp_win.dll
0x00007ff848dc0000 - 0x00007ff848df1000 	C:\WINDOWS\System32\IMM32.DLL
0x00007ff82f4c0000 - 0x00007ff82f4cc000 	C:\Program Files\Eclipse Adoptium\jdk-25.0.0.36-hotspot\bin\vcruntime140_1.dll
0x00007fff971f0000 - 0x00007fff9727d000 	C:\Program Files\Eclipse Adoptium\jdk-25.0.0.36-hotspot\bin\msvcp140.dll
0x00007fff4d2a0000 - 0x00007fff4e1c6000 	C:\Program Files\Eclipse Adoptium\jdk-25.0.0.36-hotspot\bin\server\jvm.dll
0x00007ff848350000 - 0x00007ff848404000 	C:\WINDOWS\System32\ADVAPI32.dll
0x00007ff84a190000 - 0x00007ff84a236000 	C:\WINDOWS\System32\sechost.dll
0x00007ff848ab0000 - 0x00007ff848bc8000 	C:\WINDOWS\System32\RPCRT4.dll
0x00007ff8487a0000 - 0x00007ff848814000 	C:\WINDOWS\System32\WS2_32.dll
0x00007ff846170000 - 0x00007ff8461ce000 	C:\WINDOWS\SYSTEM32\POWRPROF.dll
0x00007ff83a1e0000 - 0x00007ff83a215000 	C:\WINDOWS\SYSTEM32\WINMM.dll
0x00007ff83d950000 - 0x00007ff83d95b000 	C:\WINDOWS\SYSTEM32\VERSION.dll
0x00007ff846150000 - 0x00007ff846164000 	C:\WINDOWS\SYSTEM32\UMPDC.dll
0x00007ff846430000 - 0x00007ff84644b000 	C:\WINDOWS\SYSTEM32\kernel.appcore.dll
0x00007ff82eff0000 - 0x00007ff82effa000 	C:\Program Files\Eclipse Adoptium\jdk-25.0.0.36-hotspot\bin\jimage.dll
0x00007ff844c60000 - 0x00007ff844ea2000 	C:\WINDOWS\SYSTEM32\DBGHELP.DLL
0x00007ff848410000 - 0x00007ff84879b000 	C:\WINDOWS\System32\combase.dll
0x00007ff8488d0000 - 0x00007ff8489a7000 	C:\WINDOWS\System32\OLEAUT32.dll
0x00007ff80ebb0000 - 0x00007ff80ebec000 	C:\WINDOWS\SYSTEM32\dbgcore.DLL
0x00007ff847e90000 - 0x00007ff847f35000 	C:\WINDOWS\System32\bcryptPrimitives.dll
0x00007ff82f8d0000 - 0x00007ff82f8df000 	C:\Program Files\Eclipse Adoptium\jdk-25.0.0.36-hotspot\bin\instrument.dll
0x00007ff819bf0000 - 0x00007ff819c0e000 	C:\Program Files\Eclipse Adoptium\jdk-25.0.0.36-hotspot\bin\java.dll
0x00007ff84a260000 - 0x00007ff84a3f7000 	C:\WINDOWS\System32\ole32.dll
0x00007ff849860000 - 0x00007ff849fb1000 	C:\WINDOWS\System32\SHELL32.dll
0x00007ff847d20000 - 0x00007ff847e8b000 	C:\WINDOWS\System32\wintypes.dll
0x00007ff845170000 - 0x00007ff8459cd000 	C:\WINDOWS\SYSTEM32\windows.storage.dll
0x00007ff8489b0000 - 0x00007ff848aa2000 	C:\WINDOWS\System32\SHCORE.dll
0x00007ff8481e0000 - 0x00007ff848247000 	C:\WINDOWS\System32\shlwapi.dll
0x00007ff8474b0000 - 0x00007ff8474d9000 	C:\WINDOWS\SYSTEM32\profapi.dll
0x00007fffaef20000 - 0x00007fffaef37000 	C:\Program Files\Eclipse Adoptium\jdk-25.0.0.36-hotspot\bin\zip.dll
0x00007ff819bd0000 - 0x00007ff819be1000 	C:\Program Files\Eclipse Adoptium\jdk-25.0.0.36-hotspot\bin\net.dll
0x00007ff846980000 - 0x00007ff8469eb000 	C:\WINDOWS\system32\mswsock.dll
0x00007fffc4740000 - 0x00007fffc4756000 	C:\Program Files\Eclipse Adoptium\jdk-25.0.0.36-hotspot\bin\nio.dll
0x00007ff845df0000 - 0x00007ff845f1c000 	C:\WINDOWS\SYSTEM32\DNSAPI.dll
0x00007ff845db0000 - 0x00007ff845de4000 	C:\WINDOWS\SYSTEM32\IPHLPAPI.DLL
0x00007ff848db0000 - 0x00007ff848dba000 	C:\WINDOWS\System32\NSI.dll
0x00007ff82ee20000 - 0x00007ff82ee29000 	C:\Program Files\Eclipse Adoptium\jdk-25.0.0.36-hotspot\bin\extnet.dll
0x00007ff83d960000 - 0x00007ff83d96b000 	C:\Windows\System32\rasadhlp.dll
0x00007ff841960000 - 0x00007ff8419e6000 	C:\WINDOWS\System32\fwpuclnt.dll
0x00007ff82f8c0000 - 0x00007ff82f8ca000 	C:\Program Files\Eclipse Adoptium\jdk-25.0.0.36-hotspot\bin\management.dll
0x00007ff82f8b0000 - 0x00007ff82f8bc000 	C:\Program Files\Eclipse Adoptium\jdk-25.0.0.36-hotspot\bin\management_ext.dll
0x00007ff84a240000 - 0x00007ff84a248000 	C:\WINDOWS\System32\PSAPI.DLL
0x00007ff846d70000 - 0x00007ff846d8b000 	C:\WINDOWS\SYSTEM32\CRYPTSP.dll
0x00007ff846390000 - 0x00007ff8463ca000 	C:\WINDOWS\system32\rsaenh.dll
0x00007ff846a30000 - 0x00007ff846a5b000 	C:\WINDOWS\SYSTEM32\USERENV.dll
0x00007ff847480000 - 0x00007ff8474aa000 	C:\WINDOWS\SYSTEM32\bcrypt.dll
0x00007ff846bd0000 - 0x00007ff846bdc000 	C:\WINDOWS\SYSTEM32\CRYPTBASE.dll
0x00007ff80b2c0000 - 0x00007ff80b2d8000 	C:\WINDOWS\system32\napinsp.dll
0x00007ff80b280000 - 0x00007ff80b292000 	C:\WINDOWS\System32\winrnr.dll
0x00007ffff8050000 - 0x00007ffff8072000 	C:\WINDOWS\system32\nlansp_c.dll
0x00007fffffc50000 - 0x00007fffffc66000 	C:\WINDOWS\system32\wshbth.dll
0x00007ff822a00000 - 0x00007ff822a56000 	C:\WINDOWS\SYSTEM32\pdh.dll
0x00007ff83c5f0000 - 0x00007ff83c602000 	C:\WINDOWS\System32\perfproc.dll
0x00007ff83c5d0000 - 0x00007ff83c5e1000 	C:\WINDOWS\System32\perfos.dll
0x00007ff8459f0000 - 0x00007ff845a02000 	C:\WINDOWS\SYSTEM32\pfclient.dll
0x00007ff826bb0000 - 0x00007ff826bbe000 	C:\Program Files\Eclipse Adoptium\jdk-25.0.0.36-hotspot\bin\sunmscapi.dll
0x00007ff847990000 - 0x00007ff847b07000 	C:\WINDOWS\System32\CRYPT32.dll
0x00007ff846ec0000 - 0x00007ff846ef0000 	C:\WINDOWS\SYSTEM32\ncrypt.dll
0x00007ff846e70000 - 0x00007ff846eaf000 	C:\WINDOWS\SYSTEM32\NTASN1.dll
0x00007ff826cf0000 - 0x00007ff826d00000 	C:\Program Files\Eclipse Adoptium\jdk-25.0.0.36-hotspot\bin\verify.dll
0x00007ff841930000 - 0x00007ff841938000 	C:\WINDOWS\system32\wshunix.dll
0x00007fff93440000 - 0x00007fff9364e000 	C:\Users\krake\AppData\Local\Temp\idea_libasyncProfiler_dll_temp_folder\libasyncProfiler.dll

JVMTI agents:
C:\Program Files\JetBrains\IntelliJ IDEA 2024.3.5\lib\idea_rt.jar path:C:\Program Files\Eclipse Adoptium\jdk-25.0.0.36-hotspot\bin\instrument.dll, loaded, initialized, instrumentlib options:57785

dbghelp: loaded successfully - version: 4.0.5 - missing functions: none
symbol engine: initialized successfully - sym options: 0x614 - pdb path: .;C:\Program Files\Eclipse Adoptium\jdk-25.0.0.36-hotspot\bin;C:\WINDOWS\SYSTEM32;C:\WINDOWS\WinSxS\amd64_microsoft.windows.common-controls_6595b64144ccf1df_6.0.26100.7019_none_3e06ffa0e335b8a8;C:\Program Files\Eclipse Adoptium\jdk-25.0.0.36-hotspot\bin\server;C:\Users\krake\AppData\Local\Temp\idea_libasyncProfiler_dll_temp_folder

VM Arguments:
jvm_args: -XX:TieredStopAtLevel=1 -Dspring.output.ansi.enabled=always -Dcom.sun.management.jmxremote -Dspring.jmx.enabled=true -Dspring.liveBeansView.mbeanDomain -Dspring.application.admin.enabled=true -Dmanagement.endpoints.jmx.exposure.include=* -javaagent:C:\Program Files\JetBrains\IntelliJ IDEA 2024.3.5\lib\idea_rt.jar=57785 -Dfile.encoding=UTF-8 -Dsun.stdout.encoding=UTF-8 -Dsun.stderr.encoding=UTF-8 
java_command: com.example.demo.GestionProduitApplication
java_class_path (initial): C:\Users\krake\Documents\my work\workspace-spring-tools-for-eclipse-4.32.0.RELEASE\GestionProduit\target\classes;C:\Users\krake\.m2\repository\org\springframework\boot\spring-boot-starter-data-jpa\3.5.6\spring-boot-starter-data-jpa-3.5.6.jar;C:\Users\krake\.m2\repository\org\springframework\boot\spring-boot-starter\3.5.6\spring-boot-starter-3.5.6.jar;C:\Users\krake\.m2\repository\org\springframework\boot\spring-boot-starter-logging\3.5.6\spring-boot-starter-logging-3.5.6.jar;C:\Users\krake\.m2\repository\ch\qos\logback\logback-classic\1.5.18\logback-classic-1.5.18.jar;C:\Users\krake\.m2\repository\ch\qos\logback\logback-core\1.5.18\logback-core-1.5.18.jar;C:\Users\krake\.m2\repository\org\apache\logging\log4j\log4j-to-slf4j\2.24.3\log4j-to-slf4j-2.24.3.jar;C:\Users\krake\.m2\repository\org\apache\logging\log4j\log4j-api\2.24.3\log4j-api-2.24.3.jar;C:\Users\krake\.m2\repository\org\slf4j\jul-to-slf4j\2.0.17\jul-to-slf4j-2.0.17.jar;C:\Users\krake\.m2\repository\jakarta\annotation\jakarta.annotation-api\2.1.1\jakarta.annotation-api-2.1.1.jar;C:\Users\krake\.m2\repository\org\yaml\snakeyaml\2.4\snakeyaml-2.4.jar;C:\Users\krake\.m2\repository\org\springframework\boot\spring-boot-starter-jdbc\3.5.6\spring-boot-starter-jdbc-3.5.6.jar;C:\Users\krake\.m2\repository\com\zaxxer\HikariCP\6.3.3\HikariCP-6.3.3.jar;C:\Users\krake\.m2\repository\org\springframework\spring-jdbc\6.2.11\spring-jdbc-6.2.11.jar;C:\Users\krake\.m2\repository\org\hibernate\orm\hibernate-core\6.6.29.Final\hibernate-core-6.6.29.Final.jar;C:\Users\krake\.m2\repository\jakarta\persistence\jakarta.persistence-api\3.1.0\jakarta.persistence-api-3.1.0.jar;C:\Users\krake\.m2\repository\jakarta\transaction\jakarta.transaction-api\2.0.1\jakarta.transaction-api-2.0.1.jar;C:\Users\krake\.m2\repository\org\jboss\logging\jboss-logging\3.6.1.Final\jboss-logging-3.6.1.Final.jar;C:\Users\krake\.m2\repository\org\hibernate\common\hibernate-commons-annotations\7.0.3.Final\hibernate-commons-annotations-7.0.3.Final.jar;C:\Users\krake\.m2\repository\io\smallrye\jandex\3.2.0\jandex-3.2.0.jar;C:\Users\krake\.m2\repository\com\fasterxml\classmate\1.7.0\classmate-1.7.0.jar;C:\Users\krake\.m2\repository\net\bytebuddy\byte-buddy\1.17.7\byte-buddy-1.17.7.jar;C:\Users\krake\.m2\repository\org\glassfish\jaxb\jaxb-runtime\4.0.5\jaxb-runtime-4.0.5.jar;C:\Users\krake\.m2\repository\org\glassfish\jaxb\jaxb-core\4.0.5\jaxb-core-4.0.5.jar;C:\Users\krake\.m2\repository\org\glassfish\jaxb\txw2\4.0.5\txw2-4.0.5.jar;C:\Users\krake\.m2\repository\com\sun\istack\istack-commons-runtime\4.1.2\istack-commons-runtime-4.1.2.jar;C:\Users\krake\.m2\repository\jakarta\inject\jakarta.inject-api\2.0.1\jakarta.inject-api-2.0.1.jar;C:\Users\krake\.m2\repository\org\antlr\antlr4-runtime\4.13.0\antlr4-runtime-4.13.0.jar;C:\Users\krake\.m2\repository\org\springframework\data\spring-data-jpa\3.5.4\spring-data-jpa-3.5.4.jar;C:\Users\krake\.m2\repository\org\springframework\data\spring-data-commons\3.5.4\spring-data-commons-3.5.4.jar;C:\Users\krake\.m2\repository\org\springframework\spring-orm\6.2.11\spring-orm-6.2.11.jar;C:\Users\krake\.m2\repository\org\springframework\spring-context\6.2.11\spring-context-6.2.11.jar;C:\Users\krake\.m2\repository\org\springframework\spring-aop\6.2.11\spring-aop-6.2.11.jar;C:\Users\krake\.m2\repository\org\springframework\spring-tx\6.2.11\spring-tx-6.2.11.jar;C:\Users\krake\.m2\repository\org\springframework\spring-beans\6.2.11\spring-beans-6.2.11.jar;C:\Users\krake\.m2\repository\org\slf4j\slf4j-api\2.0.17\slf4j-api-2.0.17.jar;C:\Users\krake\.m2\repository\org\springframework\spring-aspects\6.2.11\spring-aspects-6.2.11.jar;C:\Users\krake\.m2\repository\org\aspectj\aspectjweaver\1.9.24\aspectjweaver-1.9.24.jar;C:\Users\krake\.m2\repository\org\springframework\boot\spring-boot-starter-web\3.5.6\spring-boot-starter-web-3.5.6.jar;C:\Users\krake\.m2\repository\org\springframework\boot\spring-boot-starter-json\3.5.6\spring-boot-starter-json-3.5.6.jar;C:\Users\krake\.m2\repository\com\fasterxml\jackson\core\jackson-databind\2.19.2\jackson-databind-2.19.2.jar;C:\Users\krake\.m2\repository\com\fasterxml\jackson\core\jackson-annotations\2.19.2\jackson-annotations-2.19.2.jar;C:\Users\krake\.m2\repository\com\fasterxml\jackson\core\jackson-core\2.19.2\jackson-core-2.19.2.jar;C:\Users\krake\.m2\repository\com\fasterxml\jackson\datatype\jackson-datatype-jdk8\2.19.2\jackson-datatype-jdk8-2.19.2.jar;C:\Users\krake\.m2\repository\com\fasterxml\jackson\datatype\jackson-datatype-jsr310\2.19.2\jackson-datatype-jsr310-2.19.2.jar;C:\Users\krake\.m2\repository\com\fasterxml\jackson\module\jackson-module-parameter-names\2.19.2\jackson-module-parameter-names-2.19.2.jar;C:\Users\krake\.m2\repository\org\springframework\boot\spring-boot-starter-tomcat\3.5.6\spring-boot-starter-tomcat-3.5.6.jar;C:\Users\krake\.m2\repository\org\apache\tomcat\embed\tomcat-embed-core\10.1.46\tomcat-embed-core-10.1.46.jar;C:\Users\krake\.m2\repository\org\apache\tomcat\embed\tomcat-embed-el\10.1.46\tomcat-embed-el-10.1.46.jar;C:\Users\krake\.m2\repository\org\apache\tomcat\embed\tomcat-embed-websocket\10.1.46\tomcat-embed-websocket-10.1.46.jar;C:\Users\krake\.m2\repository\org\springframework\spring-web\6.2.11\spring-web-6.2.11.jar;C:\Users\krake\.m2\repository\io\micrometer\micrometer-observation\1.15.4\micrometer-observation-1.15.4.jar;C:\Users\krake\.m2\repository\io\micrometer\micrometer-commons\1.15.4\micrometer-commons-1.15.4.jar;C:\Users\krake\.m2\repository\org\springframework\spring-webmvc\6.2.11\spring-webmvc-6.2.11.jar;C:\Users\krake\.m2\repository\org\springframework\spring-expression\6.2.11\spring-expression-6.2.11.jar;C:\Users\krake\.m2\repository\org\springframework\boot\spring-boot-starter-web-services\3.5.6\spring-boot-starter-web-services-3.5.6.jar;C:\Users\krake\.m2\repository\com\sun\xml\messaging\saaj\saaj-impl\3.0.4\saaj-impl-3.0.4.jar;C:\Users\krake\.m2\repository\jakarta\xml\soap\jakarta.xml.soap-api\3.0.2\jakarta.xml.soap-api-3.0.2.jar;C:\Users\krake\.m2\repository\org\jvnet\staxex\stax-ex\2.1.0\stax-ex-2.1.0.jar;C:\Users\krake\.m2\repository\jakarta\activation\jakarta.activation-api\2.1.4\jakarta.activation-api-2.1.4.jar;C:\Users\krake\.m2\repository\org\eclipse\angus\angus-activation\2.0.2\angus-activation-2.0.2.jar;C:\Users\krake\.m2\repository\jakarta\xml\ws\jakarta.xml.ws-api\4.0.2\jakarta.xml.ws-api-4.0.2.jar;C:\Users\krake\.m2\repository\org\springframework\spring-oxm\6.2.11\spring-oxm-6.2.11.jar;C:\Users\krake\.m2\repository\org\springframework\ws\spring-ws-core\4.1.1\spring-ws-core-4.1.1.jar;C:\Users\krake\.m2\repository\org\springframework\ws\spring-xml\4.1.1\spring-xml-4.1.1.jar;C:\Users\krake\.m2\repository\org\springframework\boot\spring-boot-devtools\3.5.6\spring-boot-devtools-3.5.6.jar;C:\Users\krake\.m2\repository\org\springframework\boot\spring-boot\3.5.6\spring-boot-3.5.6.jar;C:\Users\krake\.m2\repository\org\springframework\boot\spring-boot-autoconfigure\3.5.6\spring-boot-autoconfigure-3.5.6.jar;C:\Users\krake\.m2\repository\com\h2database\h2\2.3.232\h2-2.3.232.jar;C:\Users\krake\.m2\repository\com\mysql\mysql-connector-j\9.4.0\mysql-connector-j-9.4.0.jar;C:\Users\krake\.m2\repository\org\projectlombok\lombok\1.18.40\lombok-1.18.40.jar;C:\Users\krake\.m2\repository\jakarta\xml\bind\jakarta.xml.bind-api\4.0.2\jakarta.xml.bind-api-4.0.2.jar;C:\Users\krake\.m2\repository\org\springframework\spring-core\6.2.11\spring-core-6.2.11.jar;C:\Users\krake\.m2\repository\org\springframework\spring-jcl\6.2.11\spring-jcl-6.2.11.jar
Launcher Type: SUN_STANDARD

[Global flags]
     intx CICompilerCount                          = 4                                         {product} {ergonomic}
     uint ConcGCThreads                            = 3                                         {product} {ergonomic}
     bool FlightRecorder                           = true                                      {product} {management}
     uint G1ConcRefinementThreads                  = 10                                        {product} {ergonomic}
   size_t G1HeapRegionSize                         = 4194304                                   {product} {ergonomic}
   size_t InitialHeapSize                          = 398458880                                 {product} {ergonomic}
     bool ManagementServer                         = true                                      {product} {command line}
   size_t MarkStackSize                            = 4194304                                   {product} {ergonomic}
   size_t MarkStackSizeMax                         = 536870912                                 {product} {ergonomic}
   size_t MaxHeapSize                              = 6371147776                                {product} {ergonomic}
   size_t MaxNewSize                               = 3821010944                                {product} {ergonomic}
   size_t MinHeapDeltaBytes                        = 4194304                                   {product} {ergonomic}
   size_t MinHeapSize                              = 8388608                                   {product} {ergonomic}
    uintx NonNMethodCodeHeapSize                   = 4096                                   {pd product} {ergonomic}
    uintx NonProfiledCodeHeapSize                  = 0                                      {pd product} {ergonomic}
     bool ProfileInterpreter                       = false                                  {pd product} {command line}
    uintx ProfiledCodeHeapSize                     = 0                                      {pd product} {ergonomic}
   size_t SoftMaxHeapSize                          = 6371147776                             {manageable} {ergonomic}
     intx TieredStopAtLevel                        = 1                                         {product} {command line}
     bool UseCompressedOops                        = true                           {product lp64_product} {ergonomic}
     bool UseG1GC                                  = true                                      {product} {ergonomic}
     bool UseLargePagesIndividualAllocation        = false                                  {pd product} {ergonomic}

Logging:
Log output configuration:
 #0: stdout all=warning uptime,level,tags foldmultilines=false
 #1: stderr all=off uptime,level,tags foldmultilines=false

Release file:
IMPLEMENTOR="Eclipse Adoptium" 
IMPLEMENTOR_VERSION="Temurin-25+36" 
JAVA_RUNTIME_VERSION="25+36-LTS" 
JAVA_VERSION="25" 
JAVA_VERSION_DATE="2025-09-16" 
LIBC="default" 
MODULES="java.base java.compiler java.datatransfer java.xml java.prefs java.desktop java.instrument java.logging java.management java.security.sasl java.naming java.rmi java.management.rmi java.net.http java.scripting java.security.jgss java.transaction.xa java.sql java.sql.rowset java.xml.crypto java.se java.smartcardio jdk.accessibility jdk.internal.jvmstat jdk.attach jdk.charsets jdk.internal.opt jdk.zipfs jdk.compiler jdk.crypto.cryptoki jdk.crypto.ec jdk.crypto.mscapi jdk.dynalink jdk.internal.ed jdk.editpad jdk.internal.vm.ci jdk.graal.compiler jdk.graal.compiler.management jdk.hotspot.agent jdk.httpserver jdk.incubator.vector jdk.internal.le jdk.internal.md jdk.jartool jdk.javadoc jdk.jcmd jdk.management jdk.management.agent jdk.jconsole jdk.jdeps jdk.jdwp.agent jdk.jdi jdk.jfr jdk.jlink jdk.jpackage jdk.jshell jdk.jsobject jdk.jstatd jdk.localedata jdk.management.jfr jdk.naming.dns jdk.naming.rmi jdk.net jdk.nio.mapmode jdk.sctp jdk.security.auth jdk.security.jgss jdk.unsupported jdk.unsupported.desktop jdk.xml.dom" 
OS_ARCH="x86_64" 
OS_NAME="Windows" 
SOURCE=".:git:ef82ae723551" 
BUILD_SOURCE="git:b7337f50fb2a765519e79674ae790c2a7450149e"
BUILD_SOURCE_REPO="https://github.com/adoptium/temurin-build.git"
SOURCE_REPO="https://github.com/adoptium/jdk.git"
FULL_VERSION="25+36-LTS"
SEMANTIC_VERSION="25+36"
BUILD_INFO="OS: Windows Server 2022 Version: 10.0"
JVM_VARIANT="Hotspot"
JVM_VERSION="25+36-LTS"
IMAGE_TYPE="JDK"

Environment Variables:
PATH=C:\Program Files (x86)\Common Files\Oracle\Java\java8path;C:\Program Files (x86)\Common Files\Oracle\Java\javapath;C:\Program Files\Eclipse Adoptium\jdk-25.0.0.36-hotspot\bin;C:\Program Files (x86)\Common Files\Intel\Shared Libraries\redist\intel64\compiler;C:\Program Files\OpenLogic\jdk-17.0.14.7-hotspot\bin;C:\WINDOWS\system32;C:\WINDOWS;C:\WINDOWS\System32\Wbem;C:\WINDOWS\System32\WindowsPowerShell\v1.0\;C:\WINDOWS\System32\OpenSSH\;C:\Program Files\NVIDIA Corporation\NVIDIA App\NvDLISR;C:\Program Files (x86)\NVIDIA Corporation\PhysX\Common;C:\wamp64\bin\php\php8.3.14;C:\ProgramData\ComposerSetup\bin;C:\Program Files\dotnet\;C:\Program Files\Microsoft SQL Server\150\Tools\Binn\;C:\Program Files\Microsoft SQL Server\Client SDK\ODBC\170\Tools\Binn\;C:\Program Files\Docker\Docker\resources\bin;C:\Program Files\nodejs\;C:\Program Files\Git\cmd;C:\Users\krake\AppData\Local\Microsoft\WindowsApps;C:\Users\krake\AppData\Local\Programs\Microsoft VS Code\bin;C:\Users\krake\AppData\Roaming\Composer\vendor\bin;C:\Users\krake\.dotnet\tools;C:\Users\krake\AppData\Roaming\npm
USERNAME=krake
OS=Windows_NT
PROCESSOR_IDENTIFIER=Intel64 Family 6 Model 141 Stepping 1, GenuineIntel
TMP=C:\Users\krake\AppData\Local\Temp
TEMP=C:\Users\krake\AppData\Local\Temp




Compilation memory statistics disabled.

Periodic native trim disabled

---------------  S Y S T E M  ---------------

OS:
 Windows 11 , 64 bit Build 26100 (10.0.26100.7019)
OS uptime: 0 days 6:22 hours
Hyper-V role detected

CPU: total 12 (initial active 12) (6 cores per cpu, 2 threads per core) family 6 model 141 stepping 1 microcode 0x56, cx8, cmov, fxsr, ht, mmx, 3dnowpref, sse, sse2, sse3, ssse3, sse4.1, sse4.2, popcnt, lzcnt, tsc, tscinvbit, avx, avx2, aes, erms, clmul, bmi1, bmi2, adx, avx512f, avx512dq, avx512cd, avx512bw, avx512vl, sha, fma, vzeroupper, avx512_vpopcntdq, avx512_vpclmulqdq, avx512_vaes, avx512_vnni, clflush, clflushopt, clwb, avx512_vbmi2, avx512_vbmi, hv, rdtscp, rdpid, fsrm, gfni, avx512_bitalg, f16c, cet_ibt, cet_ss, avx512_ifma
Processor Information for the first 12 processors :
  Max Mhz: 2688, Current Mhz: 2688, Mhz Limit: 2688

Memory: 4k page, system-wide physical 24302M (6164M free)
TotalPageFile size 28980M (AvailPageFile size 2744M)
current process WorkingSet (physical memory assigned to process): 249M, peak: 249M
current process commit charge ("private bytes"): 318M, peak: 521M

vm_info: OpenJDK 64-Bit Server VM (25+36-LTS) for windows-amd64 JRE (25+36-LTS), built on 2025-09-16T00:00:00Z with unknown MS VC++:1942

END.
